<?xml version="1.0" encoding="UTF-8"?>
<!-- Generated by org.testng.reporters.JUnitXMLReporter -->
<testsuite ignored="6" hostname="DESKTOP-AIR39DC" failures="0" tests="1" name="Default test" time="8.77" errors="0" timestamp="2024-02-12T11:27:31 PST">
  <testcase classname="SeleniumProject.automation_exercise.tests.LoginTests" name="Logout" time="1.163"/>
  <testcase classname="SeleniumProject.automation_exercise.tests.LoginTests" name="LoginThenDeleteUser" time="0.0">
    <ignored/>
  </testcase> <!-- LoginThenDeleteUser -->
  <testcase classname="SeleniumProject.automation_exercise.tests.LoginTests" name="RegisterThenDeleteUser" time="0.0">
    <ignored/>
  </testcase> <!-- RegisterThenDeleteUser -->
  <testcase classname="SeleniumProject.automation_exercise.tests.LoginTests" name="RegisterUserThenLogout" time="0.0">
    <ignored/>
  </testcase> <!-- RegisterUserThenLogout -->
  <testcase classname="SeleniumProject.automation_exercise.tests.LoginTests" name="LoginInvalidUser" time="0.0">
    <ignored/>
  </testcase> <!-- LoginInvalidUser -->
  <testcase classname="SeleniumProject.automation_exercise.tests.LoginTests" name="DeleteExistingUser" time="0.0">
    <ignored/>
  </testcase> <!-- DeleteExistingUser -->
  <testcase classname="SeleniumProject.automation_exercise.tests.LoginTests" name="RegisterExistingUser" time="0.0">
    <ignored/>
  </testcase> <!-- RegisterExistingUser -->
</testsuite> <!-- Default test -->
