<?xml version="1.0" encoding="UTF-8"?>
<!-- Generated by org.testng.reporters.JUnitXMLReporter -->
<testsuite ignored="1" hostname="DESKTOP-AIR39DC" failures="0" tests="3" name="Default test" time="18.804" errors="0" timestamp="2024-03-21T17:50:06 PDT">
  <testcase classname="SeleniumProject.automation_exercise.tests.APIPageTests" name="NavigateToAPIPage" time="4.733"/>
  <testcase classname="SeleniumProject.automation_exercise.tests.APIPageTests" name="NavigateToAPIPage" time="0.911"/>
  <testcase classname="SeleniumProject.automation_exercise.tests.APIPageTests" name="NavigateToAPIPage" time="0.758"/>
  <testcase classname="SeleniumProject.automation_exercise.tests.APIPageTests" name="BrowseTestCases" time="0.0">
    <ignored/>
  </testcase> <!-- BrowseTestCases -->
</testsuite> <!-- Default test -->
