<?xml version="1.0" encoding="UTF-8"?>
<!-- Generated by org.testng.reporters.JUnitXMLReporter -->
<testsuite ignored="0" hostname="DESKTOP-AIR39DC" failures="0" tests="4" name="API Page Tests" time="32.128" errors="0" timestamp="2024-03-21T17:59:06 PDT">
  <testcase classname="SeleniumProject.automation_exercise.tests.APIPageTests" name="NavigateToAPIPage" time="5.332"/>
  <testcase classname="SeleniumProject.automation_exercise.tests.APIPageTests" name="NavigateToAPIPage" time="0.705"/>
  <testcase classname="SeleniumProject.automation_exercise.tests.APIPageTests" name="NavigateToAPIPage" time="0.823"/>
  <testcase classname="SeleniumProject.automation_exercise.tests.APIPageTests" name="BrowseTestCases" time="10.035"/>
</testsuite> <!-- API Page Tests -->
