<?xml version="1.0" encoding="UTF-8"?>
<!-- Generated by org.testng.reporters.JUnitXMLReporter -->
<testsuite ignored="0" hostname="DESKTOP-AIR39DC" failures="0" tests="2" name="Home Page Tests" time="18.215" errors="0" timestamp="2024-04-02T12:29:26 PDT">
  <testcase classname="SeleniumProject.automation_exercise.tests.HomePageTests" name="ScrollUpFromFooter" time="0.295"/>
  <testcase classname="SeleniumProject.automation_exercise.tests.HomePageTests" name="ScrollUpArrowFromFooter" time="1.302"/>
</testsuite> <!-- Home Page Tests -->
