<?xml version="1.0" encoding="UTF-8"?>
<!-- Generated by org.testng.reporters.JUnitXMLReporter -->
<testsuite ignored="4" hostname="DESKTOP-AIR39DC" failures="0" tests="3" name="Purchase Test" time="32.051" errors="0" timestamp="2024-02-27T16:31:51 PST">
  <testcase classname="SeleniumProject.automation_exercise.tests.OrderPurchaseValidation" name="LoginBeforeCheckout" time="6.322"/>
  <testcase classname="SeleniumProject.automation_exercise.tests.OrderPurchaseValidation" name="PlaceOrderRegisterAtCheckout" time="7.553"/>
  <testcase classname="SeleniumProject.automation_exercise.tests.OrderPurchaseValidation" name="PlaceOrderRegisterBeforeCheckout" time="6.817"/>
  <testcase classname="SeleniumProject.automation_exercise.tests.OrderPurchaseValidation" name="AddProductsToCart" time="0.0">
    <ignored/>
  </testcase> <!-- AddProductsToCart -->
  <testcase classname="SeleniumProject.automation_exercise.tests.OrderPurchaseValidation" name="CartItemQuantityValidation" time="0.0">
    <ignored/>
  </testcase> <!-- CartItemQuantityValidation -->
  <testcase classname="SeleniumProject.automation_exercise.tests.OrderPurchaseValidation" name="DownloadInvoiceAfterPurchase" time="0.0">
    <ignored/>
  </testcase> <!-- DownloadInvoiceAfterPurchase -->
  <testcase classname="SeleniumProject.automation_exercise.tests.OrderPurchaseValidation" name="CheckoutAddressVerification" time="0.0">
    <ignored/>
  </testcase> <!-- CheckoutAddressVerification -->
</testsuite> <!-- Purchase Test -->
