<?xml version="1.0" encoding="UTF-8"?>
<!-- Generated by org.testng.reporters.JUnitXMLReporter -->
<testsuite ignored="4" hostname="DESKTOP-AIR39DC" failures="0" tests="1" name="Test" time="28.673" errors="0" timestamp="2024-02-15T14:16:10 PST">
  <testcase classname="SeleniumProject.automation_exercise.tests.OrderPurchaseValidation" name="LoginBeforeCheckout" time="5.837"/>
  <testcase classname="SeleniumProject.automation_exercise.tests.OrderPurchaseValidation" name="AddProductsToCart" time="0.0">
    <ignored/>
  </testcase> <!-- AddProductsToCart -->
  <testcase classname="SeleniumProject.automation_exercise.tests.OrderPurchaseValidation" name="CartItemQuantityValidation" time="0.0">
    <ignored/>
  </testcase> <!-- CartItemQuantityValidation -->
  <testcase classname="SeleniumProject.automation_exercise.tests.OrderPurchaseValidation" name="DownloadInvoiceAfterPurchase" time="0.0">
    <ignored/>
  </testcase> <!-- DownloadInvoiceAfterPurchase -->
  <testcase classname="SeleniumProject.automation_exercise.tests.OrderPurchaseValidation" name="CheckoutAddressVerification" time="0.0">
    <ignored/>
  </testcase> <!-- CheckoutAddressVerification -->
</testsuite> <!-- Test -->
