<?xml version="1.0" encoding="UTF-8"?>
<!-- Generated by org.testng.reporters.JUnitXMLReporter -->
<testsuite ignored="0" hostname="DESKTOP-AIR39DC" failures="0" tests="4" name="Test Cases Page Tests" time="74.758" errors="0" timestamp="2024-03-21T17:59:49 PDT">
  <testcase classname="SeleniumProject.automation_exercise.tests.TestCasesTests" name="NavigateToTestCasesPage" time="0.664"/>
  <testcase classname="SeleniumProject.automation_exercise.tests.TestCasesTests" name="NavigateToTestCasesPage" time="0.35"/>
  <testcase classname="SeleniumProject.automation_exercise.tests.TestCasesTests" name="NavigateToTestCasesPage" time="0.462"/>
  <testcase classname="SeleniumProject.automation_exercise.tests.TestCasesTests" name="BrowseTestCases" time="54.648"/>
</testsuite> <!-- Test Cases Page Tests -->
