<?xml version="1.0" encoding="UTF-8"?>
<!-- Generated by org.testng.reporters.JUnitXMLReporter -->
<testsuite ignored="0" hostname="DESKTOP-AIR39DC" failures="0" tests="2" name="Test Cases Page Tests" time="25.68" errors="0" timestamp="2024-04-02T12:29:34 PDT">
  <testcase classname="SeleniumProject.automation_exercise.tests.TestCasesTests" name="NavigateToTestCasesPage" time="1.184"/>
  <testcase classname="SeleniumProject.automation_exercise.tests.TestCasesTests" name="BrowseTestCases" time="6.315"/>
</testsuite> <!-- Test Cases Page Tests -->
