<?xml version="1.0" encoding="UTF-8"?>
<!-- Generated by org.testng.reporters.JUnitXMLReporter -->
<testsuite ignored="0" hostname="DESKTOP-AIR39DC" failures="0" tests="2" name="API Page Tests" time="21.091" errors="0" timestamp="2024-04-02T12:34:57 PDT">
  <testcase classname="SeleniumProject.automation_exercise.tests.APIPageTests" name="NavigateToAPIPage" time="0.751"/>
  <testcase classname="SeleniumProject.automation_exercise.tests.APIPageTests" name="BrowseAPITestCases" time="6.712"/>
</testsuite> <!-- API Page Tests -->
