<?xml version="1.0" encoding="UTF-8"?>
<!-- Generated by org.testng.reporters.JUnitXMLReporter -->
<testsuite ignored="0" hostname="DESKTOP-AIR39DC" failures="0" tests="2" name="Test Cases Page Tests" time="20.721" errors="0" timestamp="2024-04-02T12:34:57 PDT">
  <testcase classname="SeleniumProject.automation_exercise.tests.TestCasesTests" name="NavigateToTestCasesPage" time="0.892"/>
  <testcase classname="SeleniumProject.automation_exercise.tests.TestCasesTests" name="BrowseTestCases" time="6.423"/>
</testsuite> <!-- Test Cases Page Tests -->
