<?xml version="1.0" encoding="UTF-8"?>
<testsuite xmlns:xsi="http://www.w3.org/2001/XMLSchema-instance" xsi:noNamespaceSchemaLocation="https://maven.apache.org/surefire/maven-surefire-plugin/xsd/surefire-test-report-3.0.xsd" version="3.0" name="TestSuite" time="36.175" tests="3" errors="0" skipped="0" failures="0">
  <properties>
[...]
</properties>
  <testcase name="LoginBeforeCheckout[{country=United States, firstname=Dan, mobilenumber=(890) 567-1234, year=1990, city=Denver, title=Mr., cvc=321, password=secretpassword, expmonth=10, review=this is a cool product, company=Google, username2=testuser12345, state=Colorado, username1=TestUser, day=9, email=testt98761@gmail.com, nameoncard=Dan Ches, address=890 Test Blvd, address2=Unit 100, expyear=2024, lastname=Ches, zipcode=09812, month=May, cardnumber=4444 3333 2222 1111}](1)" classname="SeleniumProject.automation_exercise.tests.OrderPurchaseValidation" time="6.5">
    <system-err><![CDATA[SLF4J: Failed to load class "org.slf4j.impl.StaticLoggerBinder".
SLF4J: Defaulting to no-operation (NOP) logger implementation
SLF4J: See http://www.slf4j.org/codes.html#StaticLoggerBinder for further details.
Apr 01, 2024 5:20:09 PM org.openqa.selenium.devtools.CdpVersionFinder findNearestMatch
WARNING: Unable to find an exact match for CDP version 123, returning the closest version; found: 119; Please update to a Selenium version that supports CDP version 123
]]></system-err>
  </testcase>
  <testcase name="PlaceOrderRegisterAtCheckout[{country=United States, firstname=Bob, nameoncard=Bob Fisher, address=456 Test Avenue, mobilenumber=(123) 456-7890, year=1990, address2=Suite 5, city=San Diego, expyear=2025, title=Mr., lastname=Fisher, zipcode=92131, cvc=123, password=testpw123, month=May, expmonth=03, company=Microsoft, username2=testuser12345, state=California, cardnumber=1111 2222 3333 4444, username1=testuser123, day=9, email=testt98760@gmail.com}](1)" classname="SeleniumProject.automation_exercise.tests.OrderPurchaseValidation" time="7.991"/>
  <testcase name="PlaceOrderRegisterBeforeCheckout[{country=United States, firstname=Bob, nameoncard=Bob Fisher, address=456 Test Avenue, mobilenumber=(123) 456-7890, year=1990, address2=Suite 5, city=San Diego, expyear=2025, title=Mr., lastname=Fisher, zipcode=92131, cvc=123, password=testpw123, month=May, expmonth=03, company=Microsoft, username2=testuser12345, state=California, cardnumber=1111 2222 3333 4444, username1=testuser123, day=9, email=testt98760@gmail.com}](1)" classname="SeleniumProject.automation_exercise.tests.OrderPurchaseValidation" time="7.559"/>
</testsuite>