<?xml version="1.0" encoding="UTF-8"?>
<testng-results ignored="0" total="1" passed="1" failed="0" skipped="0">
  <reporter-output>
  </reporter-output>
  <suite started-at="2024-04-06T18:34:42 PDT" name="Default suite" finished-at="2024-04-06T18:35:00 PDT" duration-ms="17805">
    <groups>
    </groups>
    <test started-at="2024-04-06T18:34:42 PDT" name="Default test" finished-at="2024-04-06T18:35:00 PDT" duration-ms="17805">
      <class name="SeleniumProject.automation_exercise.tests.ContactUsTests">
        <test-method is-config="true" signature="launchWebSite()[pri:0, instance:SeleniumProject.automation_exercise.tests.ContactUsTests@7526515b]" started-at="2024-04-06T18:34:42 PDT" name="launchWebSite" finished-at="2024-04-06T18:34:51 PDT" duration-ms="8845" status="PASS">
          <reporter-output>
          </reporter-output>
        </test-method> <!-- launchWebSite -->
        <test-method signature="FillContactUsForm(java.util.HashMap)[pri:0, instance:SeleniumProject.automation_exercise.tests.ContactUsTests@7526515b]" started-at="2024-04-06T18:34:51 PDT" name="FillContactUsForm" data-provider="contactus_data" finished-at="2024-04-06T18:34:57 PDT" duration-ms="5527" status="PASS">
          <params>
            <param index="0">
              <value>
                <![CDATA[{name=TestUser, message=quick brown fox jumps over the lazy dog 123 !@#, subject=i need help, email=testt98761@gmail.com}]]>
              </value>
            </param>
          </params>
          <reporter-output>
          </reporter-output>
        </test-method> <!-- FillContactUsForm -->
        <test-method is-config="true" signature="tearDown()[pri:0, instance:SeleniumProject.automation_exercise.tests.ContactUsTests@7526515b]" started-at="2024-04-06T18:34:57 PDT" name="tearDown" finished-at="2024-04-06T18:35:00 PDT" duration-ms="3249" status="PASS">
          <reporter-output>
          </reporter-output>
        </test-method> <!-- tearDown -->
      </class> <!-- SeleniumProject.automation_exercise.tests.ContactUsTests -->
    </test> <!-- Default test -->
  </suite> <!-- Default suite -->
</testng-results>
