<?xml version="1.0" encoding="UTF-8"?>
<testng-results ignored="0" total="1" passed="1" failed="0" skipped="0">
  <reporter-output>
  </reporter-output>
  <suite started-at="2023-11-07T16:36:11 PST" name="Default suite" finished-at="2023-11-07T16:36:23 PST" duration-ms="11578">
    <groups>
    </groups>
    <test started-at="2023-11-07T16:36:11 PST" name="Default test" finished-at="2023-11-07T16:36:23 PST" duration-ms="11578">
      <class name="SeleniumProject.automation_exercise.tests.LoginTests">
        <test-method is-config="true" signature="launchWebSite()[pri:0, instance:SeleniumProject.automation_exercise.tests.LoginTests@130c12b7]" started-at="2023-11-07T16:36:12 PST" name="launchWebSite" finished-at="2023-11-07T16:36:18 PST" duration-ms="6048" status="PASS">
          <reporter-output>
          </reporter-output>
        </test-method> <!-- launchWebSite -->
        <test-method signature="RegisterUser()[pri:0, instance:SeleniumProject.automation_exercise.tests.LoginTests@130c12b7]" started-at="2023-11-07T16:36:18 PST" name="RegisterUser" finished-at="2023-11-07T16:36:18 PST" duration-ms="251" status="PASS">
          <reporter-output>
          </reporter-output>
        </test-method> <!-- RegisterUser -->
        <test-method is-config="true" signature="tearDown()[pri:0, instance:SeleniumProject.automation_exercise.tests.LoginTests@130c12b7]" started-at="2023-11-07T16:36:18 PST" name="tearDown" finished-at="2023-11-07T16:36:23 PST" duration-ms="5245" status="PASS">
          <reporter-output>
          </reporter-output>
        </test-method> <!-- tearDown -->
      </class> <!-- SeleniumProject.automation_exercise.tests.LoginTests -->
    </test> <!-- Default test -->
  </suite> <!-- Default suite -->
</testng-results>
